[0821/002155:ERROR:process_info.cc(608)] range at 0xff066000, size 0x230 fully unreadable
[0821/002156:ERROR:process_info.cc(608)] range at 0xff06f000, size 0xf84 fully unreadable
[0821/002156:ERROR:process_info.cc(608)] range at 0xff06c000, size 0xf84 fully unreadable
[0821/002156:ERROR:process_info.cc(608)] range at 0xff065000, size 0xf84 fully unreadable
[0821/002156:ERROR:process_info.cc(608)] range at 0xfef3f000, size 0xf84 fully unreadable
[0821/002156:ERROR:process_info.cc(608)] range at 0xfef3c000, size 0xf84 fully unreadable
[0821/002156:ERROR:process_info.cc(608)] range at 0xfef39000, size 0xf84 fully unreadable
[0821/002156:ERROR:process_info.cc(608)] range at 0xfef36000, size 0xf84 fully unreadable
[0821/002156:ERROR:process_info.cc(608)] range at 0xfef33000, size 0xf84 fully unreadable
[0821/002156:ERROR:process_info.cc(608)] range at 0xfef30000, size 0xf84 fully unreadable
[0821/002156:ERROR:process_info.cc(608)] range at 0xff4dd000, size 0x230 fully unreadable
[0821/002156:ERROR:process_reader_win.cc(173)] ResumeThread: The operation completed successfully. (0x0)
[0821/002156:ERROR:process_reader_win.cc(142)] SuspendThread: Access is denied. (0x5)
[0821/002156:ERROR:process_reader_win.cc(142)] SuspendThread: Access is denied. (0x5)
[0821/002156:ERROR:process_reader_win.cc(142)] SuspendThread: Access is denied. (0x5)
[0821/002156:ERROR:process_reader_win.cc(142)] SuspendThread: Access is denied. (0x5)
[0821/002156:ERROR:process_reader_win.cc(142)] SuspendThread: Access is denied. (0x5)
[0821/002156:ERROR:process_reader_win.cc(142)] SuspendThread: Access is denied. (0x5)
[0821/002156:ERROR:process_reader_win.cc(142)] SuspendThread: Access is denied. (0x5)
[0821/002156:ERROR:process_reader_win.cc(142)] SuspendThread: Access is denied. (0x5)
[0821/002156:ERROR:exception_snapshot_win.cc(88)] thread ID 11472 not found in process
[0821/002156:WARNING:crash_report_exception_handler.cc(60)] ProcessSnapshotWin::InitializeException failed
